 
****************************************
Report : timing
        -path end
        -delay max
        -max_paths 10000
        -sort_by slack
Design : FPALU
Version: O-2018.06-SP5-1
Date   : Sun Dec  5 02:21:13 2021
****************************************

Operating Conditions: tt_1p2v_25c   Library: scx3_cmos8rf_lpvt_tt_1p2v_25c
Wire Load Model Mode: top

Endpoint                         Path Delay     Path Required     Slack
------------------------------------------------------------------------
dout_uni_y_exp[5] (out)             6.41 f          290.00       283.59
dout_uni_y_exp[4] (out)             6.13 f          290.00       283.87
dout_uni_y_exp[3] (out)             5.66 f          290.00       284.34
dout_uni_y_man_dn[7] (out)          5.35 r          290.00       284.65
dout_uni_y_man_dn[18] (out)         5.30 r          290.00       284.70
dout_uni_y_man_dn[8] (out)          5.27 r          290.00       284.73
dout_uni_y_man_dn[5] (out)          5.24 r          290.00       284.76
dout_uni_y_man_dn[16] (out)         5.22 r          290.00       284.78
dout_uni_y_man_dn[19] (out)         5.22 r          290.00       284.78
dout_uni_y_man_dn[6] (out)          5.21 r          290.00       284.79
dout_uni_y_man_dn[21] (out)         5.20 f          290.00       284.80
dout_uni_y_man_dn[17] (out)         5.19 r          290.00       284.81
dout_uni_y_exp[2] (out)             5.18 f          290.00       284.82
dout_uni_y_man_dn[10] (out)         5.15 r          290.00       284.85
dout_uni_y_man_dn[13] (out)         5.07 f          290.00       284.93
dout_uni_y_man_dn[20] (out)         5.04 f          290.00       284.96
dout_uni_y_man_dn[2] (out)          5.03 r          290.00       284.97
dout_uni_y_man_dn[0] (out)          5.03 r          290.00       284.97
dout_uni_y_man_dn[9] (out)          5.01 r          290.00       284.99
dout_uni_y_man_dn[1] (out)          5.01 r          290.00       284.99
dout_uni_y_man_dn[4] (out)          5.00 r          290.00       285.00
dout_uni_y_man_dn[12] (out)         4.99 r          290.00       285.01
dout_uni_y_man_dn[15] (out)         4.98 r          290.00       285.02
dout_uni_y_man_dn[11] (out)         4.96 r          290.00       285.04
dout_uni_y_man_dn[3] (out)          4.86 r          290.00       285.14
dout_uni_y_man_dn[14] (out)         4.84 r          290.00       285.16
dout_uni_y_exp[1] (out)             4.77 f          290.00       285.23
dout_uni_y_exp[0] (out)             4.11 f          290.00       285.89
dout_uni_y_sgn (out)                2.33 r          290.00       287.67

1
