 
****************************************
Report : timing
        -path end
        -delay max
        -max_paths 10000
        -sort_by slack
Design : W4823_FIR
Version: O-2018.06-SP5-1
Date   : Tue Dec 14 18:18:38 2021
****************************************

Operating Conditions: tt_1p2v_25c   Library: scx3_cmos8rf_lpvt_tt_1p2v_25c
Wire Load Model Mode: top

Endpoint                         Path Delay     Path Required     Slack
------------------------------------------------------------------------
dout_29i[27] (out)                  8.85 r          389.40       380.55
dout_29i[26] (out)                  8.55 f          389.40       380.85
dout_29i[25] (out)                  8.08 f          389.40       381.32
dout_29i[24] (out)                  7.61 f          389.40       381.79
dout_29i[23] (out)                  7.20 f          389.40       382.20
dout_29i[22] (out)                  6.58 f          389.40       382.82
dout_29i[28] (out)                  5.38 f          389.40       384.02
dout_29i[21] (out)                  4.47 f          389.40       384.93
dout_29i[11] (out)                  4.37 f          389.40       385.03
dout_29i[10] (out)                  4.11 f          389.40       385.29
dout_29i[9] (out)                   4.11 f          389.40       385.29
dout[11] (out)                      4.10 f          389.40       385.30
dout_29i[5] (out)                   4.10 f          389.40       385.30
dout_29i[8] (out)                   4.10 f          389.40       385.30
dout_29i[17] (out)                  4.05 f          389.40       385.35
dout_29i[15] (out)                  4.04 f          389.40       385.36
dout_29i[13] (out)                  4.04 f          389.40       385.36
dout_29i[0] (out)                   4.03 f          389.40       385.37
dout_29i[6] (out)                   3.96 f          389.40       385.44
dout_29i[14] (out)                  3.95 f          389.40       385.45
dout_29i[16] (out)                  3.90 f          389.40       385.50
dout[10] (out)                      3.84 f          389.40       385.56
dout[15] (out)                      3.78 f          389.40       385.62
dout[13] (out)                      3.77 f          389.40       385.63
dout[9] (out)                       3.77 f          389.40       385.63
dout[5] (out)                       3.76 f          389.40       385.64
dout[8] (out)                       3.76 f          389.40       385.64
dout_29i[18] (out)                  3.75 f          389.40       385.64
dout_29i[19] (out)                  3.73 f          389.40       385.67
dout_29i[12] (out)                  3.72 f          389.40       385.68
dout[0] (out)                       3.69 f          389.40       385.71
dout[14] (out)                      3.68 f          389.40       385.72
dout_29i[1] (out)                   3.68 f          389.40       385.72
dout_29i[4] (out)                   3.68 f          389.40       385.72
dout_29i[7] (out)                   3.66 f          389.40       385.74
dout_29i[2] (out)                   3.64 f          389.40       385.76
dout[6] (out)                       3.62 f          389.40       385.78
dout_29i[3] (out)                   3.57 f          389.40       385.83
dout_29i[20] (out)                  3.47 r          389.40       385.93
dout[12] (out)                      3.45 f          389.40       385.95
dout[1] (out)                       3.34 f          389.40       386.06
dout[4] (out)                       3.34 f          389.40       386.06
dout[7] (out)                       3.33 f          389.40       386.07
dout[2] (out)                       3.30 f          389.40       386.10
dout[3] (out)                       3.23 f          389.40       386.17
valid (out)                         1.23 f          389.40       388.17

1
